# JRE version: Java(TM) SE Runtime Environment (8.0_60-b27) (build 1.8.0_60-b27)
# Java VM: Java HotSpot(TM) 64-Bit Server VM (25.60-b23 mixed mode windows-amd64 compressed oops)
Heap:
 PSYoungGen      total 261120K, used 186948K [0x00000000eab00000, 0x0000000100000000, 0x0000000100000000)
  eden space 173056K, 100% used [0x00000000eab00000,0x00000000f5400000,0x00000000f5400000)
  from space 88064K, 15% used [0x00000000faa00000,0x00000000fb791168,0x0000000100000000)
  to   space 88064K, 0% used [0x00000000f5400000,0x00000000f5400000,0x00000000faa00000)
 ParOldGen       total 629248K, used 602430K [0x00000000c0000000, 0x00000000e6680000, 0x00000000eab00000)
  object space 629248K, 95% used [0x00000000c0000000,0x00000000e4c4fb78,0x00000000e6680000)
 Metaspace       used 513893K, capacity 537882K, committed 539736K, reserved 1507328K
  class space    used 73044K, capacity 81457K, committed 82048K, reserved 1048576K
GC Heap History (10 events):
Event: 16198.058 GC heap before
{Heap before GC invocations=359 (full 42):
 PSYoungGen      total 257536K, used 237608K [0x00000000eab00000, 0x00000000fef00000, 0x0000000100000000)
  eden space 186368K, 100% used [0x00000000eab00000,0x00000000f6100000,0x00000000f6100000)
  from space 71168K, 71% used [0x00000000fa880000,0x00000000fda8a308,0x00000000fee00000)
  to   space 72704K, 0% used [0x00000000f6100000,0x00000000f6100000,0x00000000fa800000)
 ParOldGen       total 629248K, used 570478K [0x00000000c0000000, 0x00000000e6680000, 0x00000000eab00000)
  object space 629248K, 90% used [0x00000000c0000000,0x00000000e2d1ba28,0x00000000e6680000)
 Metaspace       used 503351K, capacity 527942K, committed 528600K, reserved 1497088K
  class space    used 71758K, capacity 80401K, committed 80640K, reserved 1048576K
Event: 16198.132 GC heap after
Heap after GC invocations=359 (full 42):
 PSYoungGen      total 259072K, used 68541K [0x00000000eab00000, 0x0000000100000000, 0x0000000100000000)
  eden space 186368K, 0% used [0x00000000eab00000,0x00000000eab00000,0x00000000f6100000)
  from space 72704K, 94% used [0x00000000f6100000,0x00000000fa3ef760,0x00000000fa800000)
  to   space 80384K, 0% used [0x00000000fb180000,0x00000000fb180000,0x0000000100000000)
 ParOldGen       total 629248K, used 570478K [0x00000000c0000000, 0x00000000e6680000, 0x00000000eab00000)
  object space 629248K, 90% used [0x00000000c0000000,0x00000000e2d1ba28,0x00000000e6680000)
 Metaspace       used 503351K, capacity 527942K, committed 528600K, reserved 1497088K
  class space    used 71758K, capacity 80401K, committed 80640K, reserved 1048576K
}
Event: 16201.475 GC heap before
{Heap before GC invocations=360 (full 42):
 PSYoungGen      total 259072K, used 202840K [0x00000000eab00000, 0x0000000100000000, 0x0000000100000000)
  eden space 186368K, 72% used [0x00000000eab00000,0x00000000f2e26bd8,0x00000000f6100000)
  from space 72704K, 94% used [0x00000000f6100000,0x00000000fa3ef760,0x00000000fa800000)
  to   space 80384K, 0% used [0x00000000fb180000,0x00000000fb180000,0x0000000100000000)
 ParOldGen       total 629248K, used 570478K [0x00000000c0000000, 0x00000000e6680000, 0x00000000eab00000)
  object space 629248K, 90% used [0x00000000c0000000,0x00000000e2d1ba28,0x00000000e6680000)
 Metaspace       used 507649K, capacity 532780K, committed 532952K, reserved 1501184K
  class space    used 72520K, capacity 81343K, committed 81408K, reserved 1048576K
Event: 16201.565 GC heap after
Heap after GC invocations=360 (full 42):
 PSYoungGen      total 258560K, used 65894K [0x00000000eab00000, 0x0000000100000000, 0x0000000100000000)
  eden space 178176K, 0% used [0x00000000eab00000,0x00000000eab00000,0x00000000f5900000)
  from space 80384K, 81% used [0x00000000fb180000,0x00000000ff1d9a58,0x0000000100000000)
  to   space 85504K, 0% used [0x00000000f5900000,0x00000000f5900000,0x00000000fac80000)
 ParOldGen       total 629248K, used 577352K [0x00000000c0000000, 0x00000000e6680000, 0x00000000eab00000)
  object space 629248K, 91% used [0x00000000c0000000,0x00000000e33d23b0,0x00000000e6680000)
 Metaspace       used 507649K, capacity 532780K, committed 532952K, reserved 1501184K
  class space    used 72520K, capacity 81343K, committed 81408K, reserved 1048576K
}
Event: 16201.565 GC heap before
{Heap before GC invocations=361 (full 43):
 PSYoungGen      total 258560K, used 65894K [0x00000000eab00000, 0x0000000100000000, 0x0000000100000000)
  eden space 178176K, 0% used [0x00000000eab00000,0x00000000eab00000,0x00000000f5900000)
  from space 80384K, 81% used [0x00000000fb180000,0x00000000ff1d9a58,0x0000000100000000)
  to   space 85504K, 0% used [0x00000000f5900000,0x00000000f5900000,0x00000000fac80000)
 ParOldGen       total 629248K, used 577352K [0x00000000c0000000, 0x00000000e6680000, 0x00000000eab00000)
  object space 629248K, 91% used [0x00000000c0000000,0x00000000e33d23b0,0x00000000e6680000)
 Metaspace       used 507649K, capacity 532780K, committed 532952K, reserved 1501184K
  class space    used 72520K, capacity 81343K, committed 81408K, reserved 1048576K
Event: 16204.571 GC heap after
Heap after GC invocations=361 (full 43):
 PSYoungGen      total 258560K, used 0K [0x00000000eab00000, 0x0000000100000000, 0x0000000100000000)
  eden space 178176K, 0% used [0x00000000eab00000,0x00000000eab00000,0x00000000f5900000)
  from space 80384K, 0% used [0x00000000fb180000,0x00000000fb180000,0x0000000100000000)
  to   space 85504K, 0% used [0x00000000f5900000,0x00000000f5900000,0x00000000fac80000)
 ParOldGen       total 629248K, used 602430K [0x00000000c0000000, 0x00000000e6680000, 0x00000000eab00000)
  object space 629248K, 95% used [0x00000000c0000000,0x00000000e4c4fb78,0x00000000e6680000)
 Metaspace       used 505733K, capacity 528884K, committed 532952K, reserved 1501184K
  class space    used 71778K, capacity 79845K, committed 81408K, reserved 1048576K
}
Event: 16244.274 GC heap before
{Heap before GC invocations=362 (full 43):
 PSYoungGen      total 258560K, used 178176K [0x00000000eab00000, 0x0000000100000000, 0x0000000100000000)
  eden space 178176K, 100% used [0x00000000eab00000,0x00000000f5900000,0x00000000f5900000)
  from space 80384K, 0% used [0x00000000fb180000,0x00000000fb180000,0x0000000100000000)
  to   space 85504K, 0% used [0x00000000f5900000,0x00000000f5900000,0x00000000fac80000)
 ParOldGen       total 629248K, used 602430K [0x00000000c0000000, 0x00000000e6680000, 0x00000000eab00000)
  object space 629248K, 95% used [0x00000000c0000000,0x00000000e4c4fb78,0x00000000e6680000)
 Metaspace       used 505965K, capacity 529378K, committed 532952K, reserved 1501184K
  class space    used 71825K, capacity 80014K, committed 81408K, reserved 1048576K
Event: 16244.294 GC heap after
Heap after GC invocations=362 (full 43):
 PSYoungGen      total 182784K, used 4404K [0x00000000eab00000, 0x0000000100000000, 0x0000000100000000)
  eden space 178176K, 0% used [0x00000000eab00000,0x00000000eab00000,0x00000000f5900000)
  from space 4608K, 95% used [0x00000000f5900000,0x00000000f5d4d0a0,0x00000000f5d80000)
  to   space 88064K, 0% used [0x00000000faa00000,0x00000000faa00000,0x0000000100000000)
 ParOldGen       total 629248K, used 602430K [0x00000000c0000000, 0x00000000e6680000, 0x00000000eab00000)
  object space 629248K, 95% used [0x00000000c0000000,0x00000000e4c4fb78,0x00000000e6680000)
 Metaspace       used 505965K, capacity 529378K, committed 532952K, reserved 1501184K
  class space    used 71825K, capacity 80014K, committed 81408K, reserved 1048576K
}
Event: 16245.941 GC heap before
{Heap before GC invocations=363 (full 43):
 PSYoungGen      total 182784K, used 182580K [0x00000000eab00000, 0x0000000100000000, 0x0000000100000000)
  eden space 178176K, 100% used [0x00000000eab00000,0x00000000f5900000,0x00000000f5900000)
  from space 4608K, 95% used [0x00000000f5900000,0x00000000f5d4d0a0,0x00000000f5d80000)
  to   space 88064K, 0% used [0x00000000faa00000,0x00000000faa00000,0x0000000100000000)
 ParOldGen       total 629248K, used 602430K [0x00000000c0000000, 0x00000000e6680000, 0x00000000eab00000)
  object space 629248K, 95% used [0x00000000c0000000,0x00000000e4c4fb78,0x00000000e6680000)
 Metaspace       used 510439K, capacity 534058K, committed 536664K, reserved 1505280K
  class space    used 72465K, capacity 80718K, committed 81536K, reserved 1048576K
Event: 16245.965 GC heap after
Heap after GC invocations=363 (full 43):
 PSYoungGen      total 261120K, used 13892K [0x00000000eab00000, 0x0000000100000000, 0x0000000100000000)
  eden space 173056K, 0% used [0x00000000eab00000,0x00000000eab00000,0x00000000f5400000)
  from space 88064K, 15% used [0x00000000faa00000,0x00000000fb791168,0x0000000100000000)
  to   space 88064K, 0% used [0x00000000f5400000,0x00000000f5400000,0x00000000faa00000)
 ParOldGen       total 629248K, used 602430K [0x00000000c0000000, 0x00000000e6680000, 0x00000000eab00000)
  object space 629248K, 95% used [0x00000000c0000000,0x00000000e4c4fb78,0x00000000e6680000)
 Metaspace       used 510439K, capacity 534058K, committed 536664K, reserved 1505280K
  class space    used 72465K, capacity 80718K, committed 81536K, reserved 1048576K
}

